<?xml version="1.0" encoding="UTF-8"?>
<testng-results skipped="0" failed="0" ignored="0" total="1" passed="1">
  <reporter-output>
  </reporter-output>
  <suite name="Default suite" duration-ms="26649" started-at="2019-07-12T22:44:55Z" finished-at="2019-07-12T22:45:21Z">
    <groups>
      <group name="cucumber">
        <method signature="AbstractTestNGCucumberTests.feature(cucumber.api.testng.CucumberFeatureWrapper)[pri:0, instance:runner.RunnerTest@13eb8acf]" name="feature" class="cucumber.api.testng.AbstractTestNGCucumberTests"/>
      </group> <!-- cucumber -->
    </groups>
    <test name="Default test" duration-ms="26649" started-at="2019-07-12T22:44:55Z" finished-at="2019-07-12T22:45:21Z">
      <class name="runner.RunnerTest">
        <test-method status="PASS" signature="setUpClass()[pri:0, instance:runner.RunnerTest@13eb8acf]" name="setUpClass" is-config="true" duration-ms="618" started-at="2019-07-12T22:44:55Z" finished-at="2019-07-12T22:44:55Z">
          <reporter-output>
          </reporter-output>
        </test-method> <!-- setUpClass -->
        <test-method status="PASS" signature="feature(cucumber.api.testng.CucumberFeatureWrapper)[pri:0, instance:runner.RunnerTest@13eb8acf]" name="feature" duration-ms="24552" started-at="2019-07-12T22:44:56Z" description="Runs Cucumber Feature" data-provider="features" finished-at="2019-07-12T22:45:20Z">
          <params>
            <param index="0">
              <value>
                <![CDATA[Sales Force TestCases Login Feature]]>
              </value>
            </param>
          </params>
          <reporter-output>
          </reporter-output>
        </test-method> <!-- feature -->
        <test-method status="PASS" signature="tearDownClass()[pri:0, instance:runner.RunnerTest@13eb8acf]" name="tearDownClass" is-config="true" duration-ms="1263" started-at="2019-07-12T22:45:20Z" finished-at="2019-07-12T22:45:21Z">
          <reporter-output>
          </reporter-output>
        </test-method> <!-- tearDownClass -->
      </class> <!-- runner.RunnerTest -->
    </test> <!-- Default test -->
  </suite> <!-- Default suite -->
</testng-results>
